#! /usr/bin/vvp
:ivl_version "12.0 (stable)";
:ivl_delay_selection "TYPICAL";
:vpi_time_precision - 12;
:vpi_module "/usr/lib/x86_64-linux-gnu/ivl/system.vpi";
:vpi_module "/usr/lib/x86_64-linux-gnu/ivl/vhdl_sys.vpi";
:vpi_module "/usr/lib/x86_64-linux-gnu/ivl/vhdl_textio.vpi";
:vpi_module "/usr/lib/x86_64-linux-gnu/ivl/v2005_math.vpi";
:vpi_module "/usr/lib/x86_64-linux-gnu/ivl/va_math.vpi";
S_0x567c763324c0 .scope module, "alu8bittb" "alu8bittb" 2 3;
 .timescale -9 -12;
v0x567c763846d0_0 .var "A", 7 0;
v0x567c763847b0_0 .var "B", 7 0;
v0x567c76384880_0 .net "carry", 0 0, v0x567c76384350_0;  1 drivers
v0x567c76384980_0 .var "s", 2 0;
v0x567c76384a50_0 .net "y", 7 0, v0x567c76384500_0;  1 drivers
S_0x567c76332650 .scope module, "uut" "alu8bit" 2 10, 3 1 0, S_0x567c763324c0;
 .timescale -9 -12;
    .port_info 0 /INPUT 8 "A";
    .port_info 1 /INPUT 8 "B";
    .port_info 2 /INPUT 3 "s";
    .port_info 3 /OUTPUT 8 "y";
    .port_info 4 /OUTPUT 1 "carry";
v0x567c76332850_0 .net "A", 7 0, v0x567c763846d0_0;  1 drivers
v0x567c76384270_0 .net "B", 7 0, v0x567c763847b0_0;  1 drivers
v0x567c76384350_0 .var "carry", 0 0;
v0x567c76384420_0 .net "s", 2 0, v0x567c76384980_0;  1 drivers
v0x567c76384500_0 .var "y", 7 0;
E_0x567c7636ef90 .event anyedge, v0x567c76384420_0, v0x567c76332850_0, v0x567c76384270_0;
    .scope S_0x567c76332650;
T_0 ;
    %wait E_0x567c7636ef90;
    %pushi/vec4 0, 0, 1;
    %store/vec4 v0x567c76384350_0, 0, 1;
    %load/vec4 v0x567c76384420_0;
    %dup/vec4;
    %pushi/vec4 0, 0, 3;
    %cmp/u;
    %jmp/1 T_0.0, 6;
    %dup/vec4;
    %pushi/vec4 1, 0, 3;
    %cmp/u;
    %jmp/1 T_0.1, 6;
    %dup/vec4;
    %pushi/vec4 2, 0, 3;
    %cmp/u;
    %jmp/1 T_0.2, 6;
    %dup/vec4;
    %pushi/vec4 3, 0, 3;
    %cmp/u;
    %jmp/1 T_0.3, 6;
    %dup/vec4;
    %pushi/vec4 4, 0, 3;
    %cmp/u;
    %jmp/1 T_0.4, 6;
    %dup/vec4;
    %pushi/vec4 5, 0, 3;
    %cmp/u;
    %jmp/1 T_0.5, 6;
    %dup/vec4;
    %pushi/vec4 6, 0, 3;
    %cmp/u;
    %jmp/1 T_0.6, 6;
    %dup/vec4;
    %pushi/vec4 7, 0, 3;
    %cmp/u;
    %jmp/1 T_0.7, 6;
    %pushi/vec4 0, 0, 8;
    %store/vec4 v0x567c76384500_0, 0, 8;
    %jmp T_0.9;
T_0.0 ;
    %load/vec4 v0x567c76332850_0;
    %pad/u 9;
    %load/vec4 v0x567c76384270_0;
    %pad/u 9;
    %add;
    %split/vec4 8;
    %store/vec4 v0x567c76384500_0, 0, 8;
    %store/vec4 v0x567c76384350_0, 0, 1;
    %jmp T_0.9;
T_0.1 ;
    %load/vec4 v0x567c76332850_0;
    %pad/u 9;
    %load/vec4 v0x567c76384270_0;
    %pad/u 9;
    %sub;
    %split/vec4 8;
    %store/vec4 v0x567c76384500_0, 0, 8;
    %store/vec4 v0x567c76384350_0, 0, 1;
    %jmp T_0.9;
T_0.2 ;
    %load/vec4 v0x567c76332850_0;
    %load/vec4 v0x567c76384270_0;
    %and;
    %store/vec4 v0x567c76384500_0, 0, 8;
    %jmp T_0.9;
T_0.3 ;
    %load/vec4 v0x567c76332850_0;
    %load/vec4 v0x567c76384270_0;
    %or;
    %store/vec4 v0x567c76384500_0, 0, 8;
    %jmp T_0.9;
T_0.4 ;
    %load/vec4 v0x567c76332850_0;
    %load/vec4 v0x567c76384270_0;
    %xor;
    %store/vec4 v0x567c76384500_0, 0, 8;
    %jmp T_0.9;
T_0.5 ;
    %load/vec4 v0x567c76332850_0;
    %inv;
    %store/vec4 v0x567c76384500_0, 0, 8;
    %jmp T_0.9;
T_0.6 ;
    %load/vec4 v0x567c76332850_0;
    %ix/load 4, 1, 0;
    %flag_set/imm 4, 0;
    %shiftl 4;
    %store/vec4 v0x567c76384500_0, 0, 8;
    %jmp T_0.9;
T_0.7 ;
    %load/vec4 v0x567c76332850_0;
    %ix/load 4, 1, 0;
    %flag_set/imm 4, 0;
    %shiftr 4;
    %store/vec4 v0x567c76384500_0, 0, 8;
    %jmp T_0.9;
T_0.9 ;
    %pop/vec4 1;
    %jmp T_0;
    .thread T_0, $push;
    .scope S_0x567c763324c0;
T_1 ;
    %vpi_call 2 21 "$dumpfile", "alu8bitout.vcd" {0 0 0};
    %vpi_call 2 22 "$dumpvars", 32'sb00000000000000000000000000000000, S_0x567c763324c0 {0 0 0};
    %vpi_call 2 24 "$monitor", "Time=%0t, A=%0d, B=%0d, s=%b, y=%0d, carry=%b", $time, v0x567c763846d0_0, v0x567c763847b0_0, v0x567c76384980_0, v0x567c76384a50_0, v0x567c76384880_0 {0 0 0};
    %pushi/vec4 10, 0, 8;
    %store/vec4 v0x567c763846d0_0, 0, 8;
    %pushi/vec4 10, 0, 8;
    %store/vec4 v0x567c763847b0_0, 0, 8;
    %pushi/vec4 0, 0, 3;
    %store/vec4 v0x567c76384980_0, 0, 3;
    %delay 10000, 0;
    %pushi/vec4 0, 0, 3;
    %store/vec4 v0x567c76384980_0, 0, 3;
    %delay 10000, 0;
    %pushi/vec4 1, 0, 3;
    %store/vec4 v0x567c76384980_0, 0, 3;
    %delay 10000, 0;
    %pushi/vec4 2, 0, 3;
    %store/vec4 v0x567c76384980_0, 0, 3;
    %delay 10000, 0;
    %pushi/vec4 3, 0, 3;
    %store/vec4 v0x567c76384980_0, 0, 3;
    %delay 10000, 0;
    %pushi/vec4 4, 0, 3;
    %store/vec4 v0x567c76384980_0, 0, 3;
    %delay 10000, 0;
    %pushi/vec4 5, 0, 3;
    %store/vec4 v0x567c76384980_0, 0, 3;
    %delay 10000, 0;
    %pushi/vec4 6, 0, 3;
    %store/vec4 v0x567c76384980_0, 0, 3;
    %delay 10000, 0;
    %pushi/vec4 7, 0, 3;
    %store/vec4 v0x567c76384980_0, 0, 3;
    %delay 10000, 0;
    %end;
    .thread T_1;
# The file index is used to find the file name in the following table.
:file_names 4;
    "N/A";
    "<interactive>";
    "alu8bittb.v";
    "alu8bit.v";
